This is pdfTeX, Version 3.141592653-2.6-1.40.26 (TeX Live 2024) (preloaded format=pdftex 2024.7.30)  7 SEP 2024 11:53
entering extended mode
 restricted \write18 enabled.
 %&-line parsing enabled.
**pdftex.tex
(./pdftex.tex
(/usr/local/texlive/2024/texmf-dist/tex/plain/cweb-old/pdfwebmac.tex
\bak=\box16
\bakk=\box17
\ind=\count27

(/usr/local/texlive/2024/texmf-dist/tex/generic/pdftex/pdfcolor.tex)
\toksA=\toks13
\toksB=\toks14
\toksC=\toks15
\toksD=\toks16
\countA=\count28
\pagewidth=\dimen16
\pageheight=\dimen17
\fullpageheight=\dimen18
\pageshift=\dimen19
\cont=\write0
\sbox=\box18
\lbox=\box19
\countB=\count29
) *1
[3{my-q-cs.enc}
\openout0 = `CONTENTS.tex'.

] [4] [5] [6] [7] [8] [9] [10] *17 [11] [12] [13] *25 [14]
[15] [16] [17] [18] [19] *38 [20] [21] [22] [23] [24] *54 [25] [26] [27]
[28] [29] [30] *72 [31] [32] [33] [34] [35] [36] [37] [38] *99 [39] [40]
[41] [42] *110 [43] [44] [45] [46] [47] [48] [49] *128 [50] [51] *133 [52]
[53] [54] [55] [56] [57] *151 [58] [59] [60] [61] [62] [63] [64] [65] [66]
*180 [67] [68] [69] [70] *191 [71] [72] [73] [74] [75] [76] [77] [78] *217
[79] [80] *221 [81] [82] *225 [83] [84] [85] [86] *229 [87] [88] [89] [90]
[91] *238 [92] [93] [94] [95] [96] [97] [98] [99] [100] [101] [102] [103]
[104] [105] [106] [107] [108] [109] [110] [111] [112] [113] [114] [115]
[116] [117] *274 [118] [119] [120] [121] [122] [123] [124] [125] [126] *290
Overfull \hbox (50.92062pt too wide) in paragraph at lines 8649--8654
\tenrm stroyed at the end of the cur-rent group, when it should be re-placed by
 the value of $[][[]]$. |

\hbox(7.5+2.5)x439.75494, glue set - 1.0
.\tenrm s
.\tenrm t
.\tenrm r
.\tenrm o
.\kern-0.27779
.etc.

[127] [128] [129] [130] [131] [132] [133] *311 [134] [135] [136] [137] *319
[138] [139] [140] *322 [141] [142] [143] [144] [145] [146] [147] [148] [149]
[150] *343 [151] [152] [153] *354 [154] [155] [156] [157] [158] [159] [160]
[161] [162] [163] [164] *388 [165]
Overfull \hbox (11.73575pt too wide) in paragraph at lines 11216--11220
\tenbf 393. \tenrm The im-ple-men-ta-tion of [] is a bit trick-ier, be-cause it
 is nec-es-sary to in-sert a spe-cial `[]'|

\hbox(6.94444+2.22223)x469.75499, glue set - 1.0
.\tenbf 3
.\tenbf 9
.\tenbf 3
.\tenbf .
.\glue 11.49994
.etc.

[166] [167] [168] [169] [170] [171] [172] [173] [174] [175] [176] *428 [177]
[178] [179] [180] [181] [182] [183] [184] [185] [186] [187] [188] [189]
[190] [191] [192] [193] [194] [195] [196] [197] [198] [199] *490 [200] [201]
[202] [203] [204] [205] [206] [207] [208] [209] [210] [211] [212] [213]
[214] *513 [215] [216] [217] [218] [219]
Overfull \hbox (14.133pt too wide) in paragraph at lines 14872--14875
\tenbf 532. \tenrm An ac-tive char-ac-ter will be treated as cat-e-gory 13 fol-
low-ing [] or fol-low-ing [].|

\hbox(6.94444+2.22223)x469.75499, glue set - 1.0
.\tenbf 5
.\tenbf 3
.\tenbf 2
.\tenbf .
.\glue 11.49994
.etc.

[220] [221] [222] *537 [223] [224]
Overfull \hbox (1.2784pt too wide) in paragraph at lines 15175--15179
\tenbf 545. \tenrm An-other system-dependent rou-tine is needed to con-vert thr
ee in-ter-nal T[]X strings into the []|

\hbox(6.94444+2.15277)x469.75499, glue set - 1.0
.\tenbf 5
.\tenbf 4
.\tenbf 5
.\tenbf .
.\glue 11.49994
.etc.

[225] [226] [227] [228] [229] [230] [231] *565 [232] [233] [234] [235] [236]
[237] [238] [239] [240] [241] [242] [243] [244] [245] [246] [247] [248]
[249] [250] *610 [251] [252] [253] [254] [255] [256] *619 [257] [258] [259]
[260] [261] [262] [263] [264] [265] [266] [267] [268] [269] [270] [271]
[272] [273] [274] [275] [276] *672 [277] [278] [279] [280] *679 [281] [282]
Overfull \hbox (24.01904pt too wide) in paragraph at lines 19217--19221
[]\teni ;  |

\hbox(6.94444+2.22223)x409.7549, glue set - 1.0
.\hbox(6.94444+2.22223)x440.99615
..\tentex "
..\tentex \
..\tentex p
..\tentex d
..\tentex f
..etc.
.\teni ;
.\glue 0.0 plus 1.0fil
.\penalty 90
.\glue(\rightskip) 0.0 plus 100.0 minus 10.0
.etc.

[283] [284] [285] [286] [287] [288] [289] [290] *691 [291] [292] [293] [294]
[295] [296] [297] *694
Overfull \hbox (5.3851pt too wide) in paragraph at lines 20165--20173
\tenbf 694. The cross-reference ta-ble. \tenrm The cross-reference ta-ble [] is
 an ar-ray of [] of [].|

\hbox(6.94444+1.94444)x469.75499, glue set - 1.0
.\tenbf 6
.\tenbf 9
.\tenbf 4
.\tenbf .
.\glue 11.49994
.etc.

[298] [299] [300] [301] [302] [303] [304] [305] [306] [307] [308] [309]
[310] *703 [311] [312] [313] [314] [315] [316] [317] [318] [319] [320] [321]
[322] [323] [324] [325] [326] [327] [328] [329] *727 [330] [331] [332] [333]
[334] [335] [336] [337] [338] [339] [340] [341] [342] [343] [344] [345]
[346] [347] [348] [349] [350] [351] [352] [353] [354] [355] [356] [357]
[358] [359] [360] [361] *816 [362] [363]
Overfull \hbox (1.65817pt too wide) in paragraph at lines 24744--24748
[]\tenrm )$;  |

\hbox(7.5+2.5)x409.7549, glue set - 1.0
.\hbox(6.11111+2.22223)x414.74638
..\tentex "
..\tentex u
..\tentex s
..\tentex i
..\tentex n
..etc.
.\tenrm )
.\mathoff
.\tenrm ;
.\penalty 10000
.etc.


Overfull \hbox (1.65817pt too wide) in paragraph at lines 24753--24757
[]\tenrm )$;  |

\hbox(7.5+2.5)x409.7549, glue set - 1.0
.\hbox(6.11111+2.22223)x414.74638
..\tentex "
..\tentex u
..\tentex s
..\tentex i
..\tentex n
..etc.
.\tenrm )
.\mathoff
.\tenrm ;
.\penalty 10000
.etc.

[364] [365] [366] [367] [368] [369]
Overfull \hbox (1.83972pt too wide) in paragraph at lines 25187--25189
\tenbf 831. \tenrm Ma-te-ri-als in [] used with [] key-word will be ap-pended t
o [] in-stead of []. |

\hbox(6.94444+2.22223)x469.75499, glue set - 1.0
.\tenbf 8
.\tenbf 3
.\tenbf 1
.\tenbf .
.\glue 11.49994
.etc.

[370] [371] [372] [373] [374] [375] [376] [377] *856 [378] [379] [380] [381]
[382] [383] [384] [385] [386] *875 [387] [388] [389] [390] [391] [392] [393]
*895 [394] [395] [396] [397] [398]
Overfull \hbox (16.35042pt too wide) in paragraph at lines 27155--27160
\tenbf 910. \tenrm Most of the ac-tual con-struc-tion work of [] is done by pro
-ce-dures with names like [],|

\hbox(6.94444+1.94444)x469.75499, glue set - 1.0
.\tenbf 9
.\tenbf 1
.\tenbf 0
.\tenbf .
.\glue 11.49994
.etc.

[399] [400] [401] [402] [403] [404] [405] [406] [407] [408] [409] [410]
[411] [412] [413] *944 [414] [415] [416] [417] [418] [419] [420] [421] [422]
[423] [424] [425] [426] [427] [428] [429] [430] *989 [431] [432] [433] [434]
[435] [436] [437] [438] [439] [440]
Overfull \hbox (18.15149pt too wide) in paragraph at lines 30140--30147
\tenbf 1012. \tenrm It is not nec-es-sary to cre-ate new ac-tive nodes hav-ing 
[] greater than $[] +|

\hbox(6.94444+1.94444)x469.75499, glue set - 1.0
.\tenbf 1
.\tenbf 0
.\tenbf 1
.\tenbf 2
.\tenbf .
.etc.

[441] [442] [443] [444] [445] [446] [447] [448]
Overfull \hbox (8.20535pt too wide) in paragraph at lines 30643--30647
\tenbf 1028. \tenrm When a line must stretch, the avail-able stretch-a-bil-ity 
can be found in the sub-ar-ray $[][2 []|

\hbox(7.5+2.5)x469.75499, glue set - 1.0
.\tenbf 1
.\tenbf 0
.\tenbf 2
.\tenbf 8
.\tenbf .
.etc.

[449] [450] [451] [452] [453] *1038 [454] [455] [456] [457] [458] [459]
[460]
Overfull \hbox (9.48688pt too wide) in paragraph at lines 31326--31331
\tenbf 1052. \tenrm Once the best se-quence of break-points has been found (hur
-ray), we call on the pro-ce-dure []|

\hbox(7.5+2.5)x469.75499, glue set - 1.0
.\tenbf 1
.\tenbf 0
.\tenbf 5
.\tenbf 2
.\tenbf .
.etc.

[461] [462] [463] [464] [465]
Overfull \hbox (4.11739pt too wide) in paragraph at lines 31694--31701
\tenbf 1067. \tenrm Penal-ties be-tween the lines of a para-graph come from clu
b and widow lines, from the []|

\hbox(6.94444+1.94444)x469.75499, glue set - 1.0
.\tenbf 1
.\tenbf 0
.\tenbf 6
.\tenbf 7
.\tenbf .
.etc.

[466] [467] *1068 [468] [469] [470] [471] *1077 [472] [473] [474] [475]
[476] [477] [478] [479] [480] [481] *1096 [482] [483] [484] [485] [486]
[487] *1119
Overfull \hbox (4.56535pt too wide) in paragraph at lines 33066--33069
\tenbf 1120. \tenrm Be-fore we dis-cuss trie build-ing in de-tail, let's con-si
der the sim-pler prob-lem of cre-at-ing the [],|

\hbox(6.94444+1.94444)x469.75499, glue set - 1.0
.\tenbf 1
.\tenbf 1
.\tenbf 2
.\tenbf 0
.\tenbf .
.etc.

[488] [489] [490] [491] [492] [493] [494] [495] [496] [497] *1144 [498]
[499] [500] [501] [502] [503] *1157 [504] [505] [506] [507] [508] [509]
[510] [511] [512] [513] [514] [515] [516] [517] [518] [519] [520] *1206
[521] [522]
Overfull \hbox (22.44058pt too wide) in paragraph at lines 35458--35464
\tenbf 1211. \tenrm We leave the [] un-changed if $[]([]) = 0$; oth-er-wise we 
set it equal to $[]([])$,|

\hbox(7.5+2.5)x469.75499, glue set - 1.0
.\tenbf 1
.\tenbf 2
.\tenbf 1
.\tenbf 1
.\tenbf .
.etc.

[523] [524] [525] [526] [527] [528] [529] [530] [531] [532] *1233 [533]
[534] [535] [536]
Overfull \hbox (26.493pt too wide) in paragraph at lines 36379--36390
\tenrm larger con-text, since con-struc-tions like `[][]' and `[][]' and `[]'|

\hbox(6.94444+2.22223)x469.75499, glue set - 1.0
.\tenrm l
.\tenrm a
.\tenrm r
.\tenrm g
.\tenrm e
.etc.

[537] [538] [539] [540] [541] [542] [543] [544] [545] [546] [547] [548]
[549] [550] [551] [552]
Overfull \hbox (12.75122pt too wide) in paragraph at lines 37515--37518
[]\tenrm The two kerns are com-puted with (machine-dependent) [] arith-metic, b
ut their sum is machine-independent;|

\hbox(7.5+2.5)x469.75499, glue set - 1.0
.\hbox(0.0+0.0)x10.00002
.\tenrm T
.\tenrm h
.\tenrm e
.\glue 3.33333 plus 1.66666 minus 1.11111
.etc.

[553] [554] [555] *1314 [556] [557] [558] [559] [560] [561] [562] [563]
[564] [565] [566] [567] [568] [569] [570] [571] [572] [573] [574] *1386
[575] [576] [577] [578] [579] [580] [581] [582] [583] [584] [585] [586]
[587] [588] [589] [590] [591] [592] [593] [594] [595] [596] [597] *1477
[598] [599] [600] [601] [602] [603] [604] [605] [606]
Overfull \hbox (34.67516pt too wide) in paragraph at lines 41359--41362
\tenbf 1505. \tenrm And restor-ing the pdf-tex data struc-tures from the for-ma
t. The two func-tion ar-gu-ments to []|

\hbox(6.94444+1.94444)x469.75499, glue set - 1.0
.\tenbf 1
.\tenbf 5
.\tenbf 0
.\tenbf 5
.\tenbf .
.etc.

[607] [608] *1510 [609] [610] [611] [612] [613] [614] *1518 [615] [616] *1520
[617] [618] [619] [620] [621] [622] [623] [624] [625] [626] [627] [628]
[629] [630] [631] [632] [633]
Overfull \hbox (56.51855pt too wide) in paragraph at lines 42899--42904
[]\teni ;  |

\hbox(6.94444+2.22223)x429.75493, glue set - 1.0
.\hbox(6.94444+2.22223)x493.4957
..\tentex "
..\tentex P
..\tentex r
..\tentex i
..\tentex m
..etc.
.\teni ;
.\glue 0.0 plus 1.0fil
.\penalty 90
.\glue(\rightskip) 0.0 plus 100.0 minus 10.0
.etc.

[634] [635] [636] [637] [638] [639] [640] [641] [642] [643] [644] [645]
[646] [647] [648] [649] [650] [651] [652] [653] [654] [655] [656] [657]
[658] [659] [660] [661] [662] [663] [664] [665] [666] [667] [668] [669]
[670] [671] [672] *1648 [673] [674] [675] [676] [677] [678] [679] [680]
[681] [682] [683] [684] [685] [686] [687] [688] [689] [690] [691] [692]
[693] [694] [695] [696] [697] [698] [699] [700] [701] [702] [703] [704]
[705] [706] [707] [708] [709] [710] [711] [712] [713] [714] [715] [716]
[717] [718] [719] [720] [721] [722] [723] [724] [725] [726] [727] [728]
[729] [730] [731] [732] [733] [734] [735]
Overfull \hbox (3.34424pt too wide) in paragraph at lines 49677--49682
\tenbf 1861. \tenrm The [] and [] com-mands share the com-mand code [] with []|


\hbox(6.94444+2.22223)x469.75499, glue set - 1.0
.\tenbf 1
.\tenbf 8
.\tenbf 6
.\tenbf 1
.\tenbf .
.etc.

[736] [737] *1867 [738] *1868 Index: [739] [740] [741] [742] [743] [744]
[745] [746] [747] [748] [749] [750] [751] [752] [753] [754] [755] [756]
[757] [758] [759] [760] [761] [762] [763] [764] [765] [766] [767] [768]
[769] [770] [771] [772] [773] [774] [775] [776] [777] [778]
Underfull \hbox (badness 1048) in paragraph at lines 53470--53471
[] 

\hbox(6.94444+2.22223)x224.87749, glue set 2.19116
.\hbox(6.94444+2.22223)x170.09848
..\tentex \
..\tentex p
..\tentex d
..\tentex f
..\tentex o
..etc.
.\glue(\rightskip) 0.0 plus 25.00003

[779] [780] [781] [782] [783] [784] [785] [786] [787] [788] [789] [790]
[791] [792] [793] [794] [795] [796] [797] [798] [799] [800] [801]
Section names: [802] [803] [804] [805] [806] [807] [808] [809] [810] [811]
[812] [813] [814] [815] [816] [817] [818] [819] [820] [821] [822]
Table of contents: (./CONTENTS.tex [0]) (./CONTENTS.tex) [1] )</usr/local/texli
ve/2024/texmf-dist/fonts/type1/public/amsfonts/cm/cmbx10.pfb></usr/local/texliv
e/2024/texmf-dist/fonts/type1/public/amsfonts/cm/cmex10.pfb></usr/local/texlive
/2024/texmf-dist/fonts/type1/public/amsfonts/cm/cmmi10.pfb></usr/local/texlive/
2024/texmf-dist/fonts/type1/public/amsfonts/cm/cmmi7.pfb></usr/local/texlive/20
24/texmf-dist/fonts/type1/public/amsfonts/cm/cmr7.pfb></usr/local/texlive/2024/
texmf-dist/fonts/type1/public/amsfonts/cm/cmr8.pfb></usr/local/texlive/2024/tex
mf-dist/fonts/type1/public/amsfonts/cm/cmr9.pfb></usr/local/texlive/2024/texmf-
dist/fonts/type1/public/amsfonts/cm/cmsl10.pfb></usr/local/texlive/2024/texmf-d
ist/fonts/type1/public/amsfonts/cm/cmsy10.pfb></usr/local/texlive/2024/texmf-di
st/fonts/type1/public/amsfonts/cm/cmsy7.pfb></usr/local/texlive/2024/texmf-dist
/fonts/type1/public/amsfonts/cm/cmtex10.pfb></usr/local/texlive/2024/texmf-dist
/fonts/type1/public/amsfonts/cm/cmti10.pfb></usr/local/texlive/2024/texmf-dist/
fonts/type1/public/amsfonts/cm/cmtt10.pfb></usr/local/texlive/2024/texmf-dist/f
onts/type1/hoekwater/mflogo-font/logo10.pfb></usr/local/texlive/2024/texmf-dist
/fonts/type1/public/tex-gyre/qplr.pfb></usr/local/texlive/2024/texmf-dist/fonts
/type1/public/amsfonts/cm/xbmc10.pfb>
Output written on pdftex.pdf (822 pages, 5396397 bytes).
PDF statistics:
 40664 PDF objects out of 45951 (max. 8388607)
 39429 compressed objects within 395 object streams
 0 named destinations out of 1000 (max. 500000)
 505 words of extra memory for PDF output out of 10000 (max. 10000000)

